<?xml version="1.0" encoding="UTF-8"?>
<!-- Generated by org.testng.reporters.JUnitReportReporter -->
<testsuite hostname="BhanuPratap-PC" failures="0" tests="3" name="TestCases.IndexPageTest" time="48.984" errors="0" timestamp="2024-02-21T11:38:22 IST" skipped="0">
  <testcase classname="TestCases.IndexPageTest" name="ValidateLogo" time="30.249"/>
  <testcase classname="TestCases.IndexPageTest" name="AppLaunched" time="15.013"/>
  <testcase classname="TestCases.IndexPageTest" name="NevigateToLogInPage" time="3.722"/>
</testsuite> <!-- TestCases.IndexPageTest -->
