<?xml version="1.0" encoding="UTF-8"?>
<!-- Generated by org.testng.reporters.JUnitReportReporter -->
<testsuite hostname="BhanuPratap-PC" failures="0" tests="1" name="Base.BaseClass" time="8.011" errors="0" timestamp="2024-04-12T17:24:23 IST" skipped="0">
  <testcase classname="Base.BaseClass" name="AppLaunch" time="8.011"/>
</testsuite> <!-- Base.BaseClass -->
