<?xml version="1.0" encoding="UTF-8"?>
<!-- Generated by org.testng.reporters.JUnitReportReporter -->
<testsuite hostname="BhanuPratap-PC" failures="0" tests="1" name="TestCases.ForgotPasswordTest" time="14.278" errors="0" timestamp="2024-02-21T12:46:07 IST" skipped="0">
  <testcase classname="TestCases.ForgotPasswordTest" name="NavigateTest" time="14.278"/>
</testsuite> <!-- TestCases.ForgotPasswordTest -->
