<?xml version="1.0" encoding="UTF-8"?>
<!-- Generated by org.testng.reporters.JUnitReportReporter -->
<testsuite hostname="BhanuPratap-PC" failures="0" tests="1" name="PageObjects.Movies" time="5.018" errors="0" timestamp="2024-03-04T13:00:11 IST" skipped="0">
  <testcase classname="PageObjects.Movies" name="AppLaunched" time="5.018"/>
</testsuite> <!-- PageObjects.Movies -->
