<?xml version="1.0" encoding="UTF-8"?>
<!-- Generated by org.testng.reporters.JUnitReportReporter -->
<testsuite hostname="BhanuPratap-PC" failures="0" tests="1" name="PageObjects.Radio" time="5.019" errors="0" timestamp="2024-03-04T14:51:52 IST" skipped="0">
  <testcase classname="PageObjects.Radio" name="AppLaunched" time="5.019"/>
</testsuite> <!-- PageObjects.Radio -->
