<?xml version="1.0" encoding="UTF-8"?>
<!-- Generated by org.testng.reporters.JUnitReportReporter -->
<testsuite hostname="BhanuPratap-PC" failures="0" tests="2" name="PageObjects.ForgotPassword" time="25.747" errors="0" timestamp="2024-02-19T16:18:37 IST" skipped="0">
  <testcase classname="PageObjects.ForgotPassword" name="NevigateToForgotPassword" time="10.739"/>
  <system-out/>
  <testcase classname="PageObjects.ForgotPassword" name="AppLaunched" time="15.008"/>
  <system-out/>
</testsuite> <!-- PageObjects.ForgotPassword -->
