<?xml version="1.0" encoding="UTF-8"?>
<!-- Generated by org.testng.reporters.JUnitReportReporter -->
<testsuite hostname="BhanuPratap-PC" failures="0" tests="1" name="Base.BaseClass" time="5.011" errors="0" timestamp="2024-02-19T15:20:35 IST" skipped="0">
  <testcase classname="Base.BaseClass" name="AppLaunched" time="5.011"/>
  <system-out/>
</testsuite> <!-- Base.BaseClass -->
