<?xml version="1.0" encoding="UTF-8"?>
<!-- Generated by org.testng.reporters.JUnitReportReporter -->
<testsuite hostname="BhanuPratap-PC" failures="0" tests="1" name="TestCases.RegisterPageTest" time="60.279" errors="0" timestamp="2024-02-23T15:50:10 IST" skipped="0">
  <testcase classname="TestCases.RegisterPageTest" name="Registration" time="60.279"/>
</testsuite> <!-- TestCases.RegisterPageTest -->
