<?xml version="1.0" encoding="UTF-8"?>
<!-- Generated by org.testng.reporters.JUnitReportReporter -->
<testsuite hostname="BhanuPratap-PC" failures="0" tests="1" name="PageObjects.IndexPage" time="15.012" errors="0" timestamp="2024-02-20T15:49:46 IST" skipped="0">
  <testcase classname="PageObjects.IndexPage" name="AppLaunched" time="15.012"/>
</testsuite> <!-- PageObjects.IndexPage -->
