<?xml version="1.0" encoding="UTF-8"?>
<!-- Generated by org.testng.reporters.JUnitReportReporter -->
<testsuite hostname="BhanuPratap-PC" failures="0" tests="1" name="PageObjects.HomePage" time="5.007" errors="0" timestamp="2024-03-01T12:28:39 IST" skipped="0">
  <testcase classname="PageObjects.HomePage" name="AppLaunched" time="5.007"/>
</testsuite> <!-- PageObjects.HomePage -->
