<?xml version="1.0" encoding="UTF-8"?>
<!-- Generated by org.testng.reporters.JUnitReportReporter -->
<testsuite hostname="BhanuPratap-PC" failures="0" tests="4" name="TestCases.RadioTest" time="196.974" errors="0" timestamp="2024-03-04T17:29:28 IST" skipped="0">
  <testcase classname="TestCases.RadioTest" name="LaunchedRadio" time="6.741"/>
  <testcase classname="TestCases.RadioTest" name="AppLaunched" time="5.017"/>
  <testcase classname="TestCases.RadioTest" name="getlist" time="30.379"/>
  <testcase classname="TestCases.RadioTest" name="ValidateBanners" time="154.837"/>
</testsuite> <!-- TestCases.RadioTest -->
