<?xml version="1.0" encoding="UTF-8"?>
<!-- Generated by org.testng.reporters.JUnitReportReporter -->
<testsuite hostname="BhanuPratap-PC" failures="0" tests="1" name="TestCases.LoginPageTest" time="13.351" errors="0" timestamp="2024-02-23T13:03:42 IST" skipped="0">
  <testcase classname="TestCases.LoginPageTest" name="SelectCountry" time="13.351"/>
</testsuite> <!-- TestCases.LoginPageTest -->
