<?xml version="1.0" encoding="UTF-8"?>
<!-- Generated by org.testng.reporters.JUnitReportReporter -->
<testsuite hostname="BhanuPratap-PC" failures="0" tests="1" name="PageObjectsTest.MylistTest" time="1.021" errors="0" timestamp="2024-03-27T15:46:24 IST" skipped="0">
  <testcase classname="PageObjectsTest.MylistTest" name="data" time="1.021"/>
</testsuite> <!-- PageObjectsTest.MylistTest -->
