<?xml version="1.0" encoding="UTF-8"?>
<!-- Generated by org.testng.reporters.JUnitReportReporter -->
<testsuite hostname="BhanuPratap-PC" failures="0" tests="1" name="BaseClass.BaseClass" time="5.009" errors="0" timestamp="2024-03-06T14:39:26 IST" skipped="0">
  <testcase classname="BaseClass.BaseClass" name="AppLaunched" time="5.009"/>
</testsuite> <!-- BaseClass.BaseClass -->
