<?xml version="1.0" encoding="UTF-8"?>
<!-- Generated by org.testng.reporters.JUnitReportReporter -->
<testsuite hostname="BhanuPratap-PC" failures="0" tests="1" name="PageObjectsTest.ContactUsTest" time="77.902" errors="1" timestamp="2024-03-19T10:42:15 IST" skipped="0">
  <testcase classname="PageObjectsTest.ContactUsTest" name="NavigateToContactUs" time="77.902">
    <error type="java.lang.StackOverflowError">
      <![CDATA[java.lang.StackOverflowError
at java.base/java.util.TreeMap$EntrySpliterator.getComparator(TreeMap.java:3329)
at java.base/java.util.Collections$UnmodifiableMap$UnmodifiableEntrySet$UnmodifiableEntrySetSpliterator.getComparator(Collections.java:1683)
at java.base/java.util.stream.StreamOpFlag.fromCharacteristics(StreamOpFlag.java:751)
at java.base/java.util.stream.StreamSupport.stream(StreamSupport.java:70)
at java.base/java.util.Collections$UnmodifiableMap$UnmodifiableEntrySet.stream(Collections.java:1695)
at org.openqa.selenium.SharedCapabilitiesMethods.abbreviate(SharedCapabilitiesMethods.java:111)
at org.openqa.selenium.SharedCapabilitiesMethods.toString(SharedCapabilitiesMethods.java:84)
at org.openqa.selenium.ImmutableCapabilities.toString(ImmutableCapabilities.java:184)
at org.openqa.selenium.remote.RemoteWebDriver.populateWebDriverException(RemoteWebDriver.java:587)
at org.openqa.selenium.remote.RemoteWebDriver.execute(RemoteWebDriver.java:550)
at org.openqa.selenium.remote.ElementLocation$ElementFinder$2.findElements(ElementLocation.java:182)
at org.openqa.selenium.remote.ElementLocation.findElements(ElementLocation.java:103)
at org.openqa.selenium.remote.RemoteWebDriver.findElements(RemoteWebDriver.java:369)
at org.openqa.selenium.remote.RemoteWebDriver.findElements(RemoteWebDriver.java:363)
at PageObjects.IndexPage.BrockenLinks(IndexPage.java:44)
at PageObjects.IndexPage.BrockenLinks(IndexPage.java:48)
at PageObjects.IndexPage.BrockenLinks(IndexPage.java:48)
at PageObjects.IndexPage.BrockenLinks(IndexPage.java:48)
at PageObjects.IndexPage.BrockenLinks(IndexPage.java:48)
at PageObjects.IndexPage.BrockenLinks(IndexPage.java:48)
at PageObjects.IndexPage.BrockenLinks(IndexPage.java:48)
at PageObjects.IndexPage.BrockenLinks(IndexPage.java:48)
at PageObjects.IndexPage.BrockenLinks(IndexPage.java:48)
at PageObjects.IndexPage.BrockenLinks(IndexPage.java:48)
at PageObjects.IndexPage.BrockenLinks(IndexPage.java:48)
at PageObjects.IndexPage.BrockenLinks(IndexPage.java:48)
at PageObjects.IndexPage.BrockenLinks(IndexPage.java:48)
at PageObjects.IndexPage.BrockenLinks(IndexPage.java:48)
at PageObjects.IndexPage.BrockenLinks(IndexPage.java:48)
at PageObjects.IndexPage.BrockenLinks(IndexPage.java:48)
at PageObjects.IndexPage.BrockenLinks(IndexPage.java:48)
at PageObjects.IndexPage.BrockenLinks(IndexPage.java:48)
at PageObjects.IndexPage.BrockenLinks(IndexPage.java:48)
at PageObjects.IndexPage.BrockenLinks(IndexPage.java:48)
at PageObjects.IndexPage.BrockenLinks(IndexPage.java:48)
at PageObjects.IndexPage.BrockenLinks(IndexPage.java:48)
at PageObjects.IndexPage.BrockenLinks(IndexPage.java:48)
at PageObjects.IndexPage.BrockenLinks(IndexPage.java:48)
at PageObjects.IndexPage.BrockenLinks(IndexPage.java:48)
at PageObjects.IndexPage.BrockenLinks(IndexPage.java:48)
at PageObjects.IndexPage.BrockenLinks(IndexPage.java:48)
at PageObjects.IndexPage.BrockenLinks(IndexPage.java:48)
at PageObjects.IndexPage.BrockenLinks(IndexPage.java:48)
at PageObjects.IndexPage.BrockenLinks(IndexPage.java:48)
at PageObjects.IndexPage.BrockenLinks(IndexPage.java:48)
at PageObjects.IndexPage.BrockenLinks(IndexPage.java:48)
at PageObjects.IndexPage.BrockenLinks(IndexPage.java:48)
at PageObjects.IndexPage.BrockenLinks(IndexPage.java:48)
at PageObjects.IndexPage.BrockenLinks(IndexPage.java:48)
at PageObjects.IndexPage.BrockenLinks(IndexPage.java:48)
at PageObjects.IndexPage.BrockenLinks(IndexPage.java:48)
at PageObjects.IndexPage.BrockenLinks(IndexPage.java:48)
at PageObjects.IndexPage.BrockenLinks(IndexPage.java:48)
at PageObjects.IndexPage.BrockenLinks(IndexPage.java:48)
at PageObjects.IndexPage.BrockenLinks(IndexPage.java:48)
at PageObjects.IndexPage.BrockenLinks(IndexPage.java:48)
at PageObjects.IndexPage.BrockenLinks(IndexPage.java:48)
at PageObjects.IndexPage.BrockenLinks(IndexPage.java:48)
at PageObjects.IndexPage.BrockenLinks(IndexPage.java:48)
at PageObjects.IndexPage.BrockenLinks(IndexPage.java:48)
at PageObjects.IndexPage.BrockenLinks(IndexPage.java:48)
at PageObjects.IndexPage.BrockenLinks(IndexPage.java:48)
at PageObjects.IndexPage.BrockenLinks(IndexPage.java:48)
at PageObjects.IndexPage.BrockenLinks(IndexPage.java:48)
at PageObjects.IndexPage.BrockenLinks(IndexPage.java:48)
at PageObjects.IndexPage.BrockenLinks(IndexPage.java:48)
at PageObjects.IndexPage.BrockenLinks(IndexPage.java:48)
at PageObjects.IndexPage.BrockenLinks(IndexPage.java:48)
at PageObjects.IndexPage.BrockenLinks(IndexPage.java:48)
at PageObjects.IndexPage.BrockenLinks(IndexPage.java:48)
at PageObjects.IndexPage.BrockenLinks(IndexPage.java:48)
at PageObjects.IndexPage.BrockenLinks(IndexPage.java:48)
at PageObjects.IndexPage.BrockenLinks(IndexPage.java:48)
at PageObjects.IndexPage.BrockenLinks(IndexPage.java:48)
at PageObjects.IndexPage.BrockenLinks(IndexPage.java:48)
at PageObjects.IndexPage.BrockenLinks(IndexPage.java:48)
at PageObjects.IndexPage.BrockenLinks(IndexPage.java:48)
at PageObjects.IndexPage.BrockenLinks(IndexPage.java:48)
at PageObjects.IndexPage.BrockenLinks(IndexPage.java:48)
at PageObjects.IndexPage.BrockenLinks(IndexPage.java:48)
at PageObjects.IndexPage.BrockenLinks(IndexPage.java:48)
at PageObjects.IndexPage.BrockenLinks(IndexPage.java:48)
at PageObjects.IndexPage.BrockenLinks(IndexPage.java:48)
at PageObjects.IndexPage.BrockenLinks(IndexPage.java:48)
at PageObjects.IndexPage.BrockenLinks(IndexPage.java:48)
at PageObjects.IndexPage.BrockenLinks(IndexPage.java:48)
at PageObjects.IndexPage.BrockenLinks(IndexPage.java:48)
at PageObjects.IndexPage.BrockenLinks(IndexPage.java:48)
at PageObjects.IndexPage.BrockenLinks(IndexPage.java:48)
at PageObjects.IndexPage.BrockenLinks(IndexPage.java:48)
at PageObjects.IndexPage.BrockenLinks(IndexPage.java:48)
at PageObjects.IndexPage.BrockenLinks(IndexPage.java:48)
at PageObjects.IndexPage.BrockenLinks(IndexPage.java:48)
at PageObjects.IndexPage.BrockenLinks(IndexPage.java:48)
at PageObjects.IndexPage.BrockenLinks(IndexPage.java:48)
at PageObjects.IndexPage.BrockenLinks(IndexPage.java:48)
at PageObjects.IndexPage.BrockenLinks(IndexPage.java:48)
at PageObjects.IndexPage.BrockenLinks(IndexPage.java:48)
at PageObjects.IndexPage.BrockenLinks(IndexPage.java:48)
at PageObjects.IndexPage.BrockenLinks(IndexPage.java:48)
at PageObjects.IndexPage.BrockenLinks(IndexPage.java:48)
at PageObjects.IndexPage.BrockenLinks(IndexPage.java:48)
at PageObjects.IndexPage.BrockenLinks(IndexPage.java:48)
at PageObjects.IndexPage.BrockenLinks(IndexPage.java:48)
at PageObjects.IndexPage.BrockenLinks(IndexPage.java:48)
at PageObjects.IndexPage.BrockenLinks(IndexPage.java:48)
at PageObjects.IndexPage.BrockenLinks(IndexPage.java:48)
at PageObjects.IndexPage.BrockenLinks(IndexPage.java:48)
at PageObjects.IndexPage.BrockenLinks(IndexPage.java:48)
at PageObjects.IndexPage.BrockenLinks(IndexPage.java:48)
at PageObjects.IndexPage.BrockenLinks(IndexPage.java:48)
at PageObjects.IndexPage.BrockenLinks(IndexPage.java:48)
at PageObjects.IndexPage.BrockenLinks(IndexPage.java:48)
at PageObjects.IndexPage.BrockenLinks(IndexPage.java:48)
at PageObjects.IndexPage.BrockenLinks(IndexPage.java:48)
at PageObjects.IndexPage.BrockenLinks(IndexPage.java:48)
at PageObjects.IndexPage.BrockenLinks(IndexPage.java:48)
at PageObjects.IndexPage.BrockenLinks(IndexPage.java:48)
at PageObjects.IndexPage.BrockenLinks(IndexPage.java:48)
at PageObjects.IndexPage.BrockenLinks(IndexPage.java:48)
at PageObjects.IndexPage.BrockenLinks(IndexPage.java:48)
at PageObjects.IndexPage.BrockenLinks(IndexPage.java:48)
at PageObjects.IndexPage.BrockenLinks(IndexPage.java:48)
at PageObjects.IndexPage.BrockenLinks(IndexPage.java:48)
at PageObjects.IndexPage.BrockenLinks(IndexPage.java:48)
at PageObjects.IndexPage.BrockenLinks(IndexPage.java:48)
at PageObjects.IndexPage.BrockenLinks(IndexPage.java:48)
at PageObjects.IndexPage.BrockenLinks(IndexPage.java:48)
at PageObjects.IndexPage.BrockenLinks(IndexPage.java:48)
at PageObjects.IndexPage.BrockenLinks(IndexPage.java:48)
at PageObjects.IndexPage.BrockenLinks(IndexPage.java:48)
at PageObjects.IndexPage.BrockenLinks(IndexPage.java:48)
at PageObjects.IndexPage.BrockenLinks(IndexPage.java:48)
at PageObjects.IndexPage.BrockenLinks(IndexPage.java:48)
at PageObjects.IndexPage.BrockenLinks(IndexPage.java:48)
at PageObjects.IndexPage.BrockenLinks(IndexPage.java:48)
at PageObjects.IndexPage.BrockenLinks(IndexPage.java:48)
at PageObjects.IndexPage.BrockenLinks(IndexPage.java:48)
at PageObjects.IndexPage.BrockenLinks(IndexPage.java:48)
at PageObjects.IndexPage.BrockenLinks(IndexPage.java:48)
at PageObjects.IndexPage.BrockenLinks(IndexPage.java:48)
at PageObjects.IndexPage.BrockenLinks(IndexPage.java:48)
at PageObjects.IndexPage.BrockenLinks(IndexPage.java:48)
at PageObjects.IndexPage.BrockenLinks(IndexPage.java:48)
at PageObjects.IndexPage.BrockenLinks(IndexPage.java:48)
at PageObjects.IndexPage.BrockenLinks(IndexPage.java:48)
at PageObjects.IndexPage.BrockenLinks(IndexPage.java:48)
at PageObjects.IndexPage.BrockenLinks(IndexPage.java:48)
at PageObjects.IndexPage.BrockenLinks(IndexPage.java:48)
at PageObjects.IndexPage.BrockenLinks(IndexPage.java:48)
at PageObjects.IndexPage.BrockenLinks(IndexPage.java:48)
at PageObjects.IndexPage.BrockenLinks(IndexPage.java:48)
at PageObjects.IndexPage.BrockenLinks(IndexPage.java:48)
at PageObjects.IndexPage.BrockenLinks(IndexPage.java:48)
at PageObjects.IndexPage.BrockenLinks(IndexPage.java:48)
at PageObjects.IndexPage.BrockenLinks(IndexPage.java:48)
at PageObjects.IndexPage.BrockenLinks(IndexPage.java:48)
at PageObjects.IndexPage.BrockenLinks(IndexPage.java:48)
at PageObjects.IndexPage.BrockenLinks(IndexPage.java:48)
at PageObjects.IndexPage.BrockenLinks(IndexPage.java:48)
at PageObjects.IndexPage.BrockenLinks(IndexPage.java:48)
at PageObjects.IndexPage.BrockenLinks(IndexPage.java:48)
at PageObjects.IndexPage.BrockenLinks(IndexPage.java:48)
at PageObjects.IndexPage.BrockenLinks(IndexPage.java:48)
at PageObjects.IndexPage.BrockenLinks(IndexPage.java:48)
at PageObjects.IndexPage.BrockenLinks(IndexPage.java:48)
at PageObjects.IndexPage.BrockenLinks(IndexPage.java:48)
at PageObjects.IndexPage.BrockenLinks(IndexPage.java:48)
at PageObjects.IndexPage.BrockenLinks(IndexPage.java:48)
at PageObjects.IndexPage.BrockenLinks(IndexPage.java:48)
at PageObjects.IndexPage.BrockenLinks(IndexPage.java:48)
at PageObjects.IndexPage.BrockenLinks(IndexPage.java:48)
at PageObjects.IndexPage.BrockenLinks(IndexPage.java:48)
at PageObjects.IndexPage.BrockenLinks(IndexPage.java:48)
at PageObjects.IndexPage.BrockenLinks(IndexPage.java:48)
at PageObjects.IndexPage.BrockenLinks(IndexPage.java:48)
at PageObjects.IndexPage.BrockenLinks(IndexPage.java:48)
at PageObjects.IndexPage.BrockenLinks(IndexPage.java:48)
at PageObjects.IndexPage.BrockenLinks(IndexPage.java:48)
at PageObjects.IndexPage.BrockenLinks(IndexPage.java:48)
at PageObjects.IndexPage.BrockenLinks(IndexPage.java:48)
at PageObjects.IndexPage.BrockenLinks(IndexPage.java:48)
at PageObjects.IndexPage.BrockenLinks(IndexPage.java:48)
at PageObjects.IndexPage.BrockenLinks(IndexPage.java:48)
at PageObjects.IndexPage.BrockenLinks(IndexPage.java:48)
at PageObjects.IndexPage.BrockenLinks(IndexPage.java:48)
at PageObjects.IndexPage.BrockenLinks(IndexPage.java:48)
at PageObjects.IndexPage.BrockenLinks(IndexPage.java:48)
at PageObjects.IndexPage.BrockenLinks(IndexPage.java:48)
at PageObjects.IndexPage.BrockenLinks(IndexPage.java:48)
at PageObjects.IndexPage.BrockenLinks(IndexPage.java:48)
at PageObjects.IndexPage.BrockenLinks(IndexPage.java:48)
at PageObjects.IndexPage.BrockenLinks(IndexPage.java:48)
at PageObjects.IndexPage.BrockenLinks(IndexPage.java:48)
at PageObjects.IndexPage.BrockenLinks(IndexPage.java:48)
at PageObjects.IndexPage.BrockenLinks(IndexPage.java:48)
at PageObjects.IndexPage.BrockenLinks(IndexPage.java:48)
at PageObjects.IndexPage.BrockenLinks(IndexPage.java:48)
at PageObjects.IndexPage.BrockenLinks(IndexPage.java:48)
at PageObjects.IndexPage.BrockenLinks(IndexPage.java:48)
at PageObjects.IndexPage.BrockenLinks(IndexPage.java:48)
at PageObjects.IndexPage.BrockenLinks(IndexPage.java:48)
at PageObjects.IndexPage.BrockenLinks(IndexPage.java:48)
at PageObjects.IndexPage.BrockenLinks(IndexPage.java:48)
at PageObjects.IndexPage.BrockenLinks(IndexPage.java:48)
at PageObjects.IndexPage.BrockenLinks(IndexPage.java:48)
at PageObjects.IndexPage.BrockenLinks(IndexPage.java:48)
at PageObjects.IndexPage.BrockenLinks(IndexPage.java:48)
at PageObjects.IndexPage.BrockenLinks(IndexPage.java:48)
at PageObjects.IndexPage.BrockenLinks(IndexPage.java:48)
at PageObjects.IndexPage.BrockenLinks(IndexPage.java:48)
at PageObjects.IndexPage.BrockenLinks(IndexPage.java:48)
at PageObjects.IndexPage.BrockenLinks(IndexPage.java:48)
at PageObjects.IndexPage.BrockenLinks(IndexPage.java:48)
at PageObjects.IndexPage.BrockenLinks(IndexPage.java:48)
at PageObjects.IndexPage.BrockenLinks(IndexPage.java:48)
at PageObjects.IndexPage.BrockenLinks(IndexPage.java:48)
at PageObjects.IndexPage.BrockenLinks(IndexPage.java:48)
at PageObjects.IndexPage.BrockenLinks(IndexPage.java:48)
at PageObjects.IndexPage.BrockenLinks(IndexPage.java:48)
at PageObjects.IndexPage.BrockenLinks(IndexPage.java:48)
at PageObjects.IndexPage.BrockenLinks(IndexPage.java:48)
at PageObjects.IndexPage.BrockenLinks(IndexPage.java:48)
at PageObjects.IndexPage.BrockenLinks(IndexPage.java:48)
at PageObjects.IndexPage.BrockenLinks(IndexPage.java:48)
at PageObjects.IndexPage.BrockenLinks(IndexPage.java:48)
at PageObjects.IndexPage.BrockenLinks(IndexPage.java:48)
at PageObjects.IndexPage.BrockenLinks(IndexPage.java:48)
at PageObjects.IndexPage.BrockenLinks(IndexPage.java:48)
at PageObjects.IndexPage.BrockenLinks(IndexPage.java:48)
at PageObjects.IndexPage.BrockenLinks(IndexPage.java:48)
at PageObjects.IndexPage.BrockenLinks(IndexPage.java:48)
at PageObjects.IndexPage.BrockenLinks(IndexPage.java:48)
at PageObjects.IndexPage.BrockenLinks(IndexPage.java:48)
at PageObjects.IndexPage.BrockenLinks(IndexPage.java:48)
at PageObjects.IndexPage.BrockenLinks(IndexPage.java:48)
at PageObjects.IndexPage.BrockenLinks(IndexPage.java:48)
at PageObjects.IndexPage.BrockenLinks(IndexPage.java:48)
at PageObjects.IndexPage.BrockenLinks(IndexPage.java:48)
at PageObjects.IndexPage.BrockenLinks(IndexPage.java:48)
at PageObjects.IndexPage.BrockenLinks(IndexPage.java:48)
at PageObjects.IndexPage.BrockenLinks(IndexPage.java:48)
at PageObjects.IndexPage.BrockenLinks(IndexPage.java:48)
at PageObjects.IndexPage.BrockenLinks(IndexPage.java:48)
at PageObjects.IndexPage.BrockenLinks(IndexPage.java:48)
at PageObjects.IndexPage.BrockenLinks(IndexPage.java:48)
at PageObjects.IndexPage.BrockenLinks(IndexPage.java:48)
at PageObjects.IndexPage.BrockenLinks(IndexPage.java:48)
at PageObjects.IndexPage.BrockenLinks(IndexPage.java:48)
at PageObjects.IndexPage.BrockenLinks(IndexPage.java:48)
at PageObjects.IndexPage.BrockenLinks(IndexPage.java:48)
at PageObjects.IndexPage.BrockenLinks(IndexPage.java:48)
at PageObjects.IndexPage.BrockenLinks(IndexPage.java:48)
at PageObjects.IndexPage.BrockenLinks(IndexPage.java:48)
at PageObjects.IndexPage.BrockenLinks(IndexPage.java:48)
at PageObjects.IndexPage.BrockenLinks(IndexPage.java:48)
at PageObjects.IndexPage.BrockenLinks(IndexPage.java:48)
at PageObjects.IndexPage.BrockenLinks(IndexPage.java:48)
at PageObjects.IndexPage.BrockenLinks(IndexPage.java:48)
at PageObjects.IndexPage.BrockenLinks(IndexPage.java:48)
at PageObjects.IndexPage.BrockenLinks(IndexPage.java:48)
at PageObjects.IndexPage.BrockenLinks(IndexPage.java:48)
at PageObjects.IndexPage.BrockenLinks(IndexPage.java:48)
at PageObjects.IndexPage.BrockenLinks(IndexPage.java:48)
at PageObjects.IndexPage.BrockenLinks(IndexPage.java:48)
at PageObjects.IndexPage.BrockenLinks(IndexPage.java:48)
at PageObjects.IndexPage.BrockenLinks(IndexPage.java:48)
at PageObjects.IndexPage.BrockenLinks(IndexPage.java:48)
at PageObjects.IndexPage.BrockenLinks(IndexPage.java:48)
at PageObjects.IndexPage.BrockenLinks(IndexPage.java:48)
at PageObjects.IndexPage.BrockenLinks(IndexPage.java:48)
at PageObjects.IndexPage.BrockenLinks(IndexPage.java:48)
at PageObjects.IndexPage.BrockenLinks(IndexPage.java:48)
at PageObjects.IndexPage.BrockenLinks(IndexPage.java:48)
at PageObjects.IndexPage.BrockenLinks(IndexPage.java:48)
at PageObjects.IndexPage.BrockenLinks(IndexPage.java:48)
at PageObjects.IndexPage.BrockenLinks(IndexPage.java:48)
at PageObjects.IndexPage.BrockenLinks(IndexPage.java:48)
at PageObjects.IndexPage.BrockenLinks(IndexPage.java:48)
at PageObjects.IndexPage.BrockenLinks(IndexPage.java:48)
at PageObjects.IndexPage.BrockenLinks(IndexPage.java:48)
at PageObjects.IndexPage.BrockenLinks(IndexPage.java:48)
at PageObjects.IndexPage.BrockenLinks(IndexPage.java:48)
at PageObjects.IndexPage.BrockenLinks(IndexPage.java:48)
at PageObjects.IndexPage.BrockenLinks(IndexPage.java:48)
at PageObjects.IndexPage.BrockenLinks(IndexPage.java:48)
at PageObjects.IndexPage.BrockenLinks(IndexPage.java:48)
at PageObjects.IndexPage.BrockenLinks(IndexPage.java:48)
at PageObjects.IndexPage.BrockenLinks(IndexPage.java:48)
at PageObjects.IndexPage.BrockenLinks(IndexPage.java:48)
at PageObjects.IndexPage.BrockenLinks(IndexPage.java:48)
at PageObjects.IndexPage.BrockenLinks(IndexPage.java:48)
at PageObjects.IndexPage.BrockenLinks(IndexPage.java:48)
at PageObjects.IndexPage.BrockenLinks(IndexPage.java:48)
at PageObjects.IndexPage.BrockenLinks(IndexPage.java:48)
at PageObjects.IndexPage.BrockenLinks(IndexPage.java:48)
at PageObjects.IndexPage.BrockenLinks(IndexPage.java:48)
at PageObjects.IndexPage.BrockenLinks(IndexPage.java:48)
at PageObjects.IndexPage.BrockenLinks(IndexPage.java:48)
at PageObjects.IndexPage.BrockenLinks(IndexPage.java:48)
at PageObjects.IndexPage.BrockenLinks(IndexPage.java:48)
at PageObjects.IndexPage.BrockenLinks(IndexPage.java:48)
at PageObjects.IndexPage.BrockenLinks(IndexPage.java:48)
at PageObjects.IndexPage.BrockenLinks(IndexPage.java:48)
at PageObjects.IndexPage.BrockenLinks(IndexPage.java:48)
at PageObjects.IndexPage.BrockenLinks(IndexPage.java:48)
at PageObjects.IndexPage.BrockenLinks(IndexPage.java:48)
at PageObjects.IndexPage.BrockenLinks(IndexPage.java:48)
at PageObjects.IndexPage.BrockenLinks(IndexPage.java:48)
at PageObjects.IndexPage.BrockenLinks(IndexPage.java:48)
at PageObjects.IndexPage.BrockenLinks(IndexPage.java:48)
at PageObjects.IndexPage.BrockenLinks(IndexPage.java:48)
at PageObjects.IndexPage.BrockenLinks(IndexPage.java:48)
at PageObjects.IndexPage.BrockenLinks(IndexPage.java:48)
at PageObjects.IndexPage.BrockenLinks(IndexPage.java:48)
at PageObjects.IndexPage.BrockenLinks(IndexPage.java:48)
at PageObjects.IndexPage.BrockenLinks(IndexPage.java:48)
at PageObjects.IndexPage.BrockenLinks(IndexPage.java:48)
at PageObjects.IndexPage.BrockenLinks(IndexPage.java:48)
at PageObjects.IndexPage.BrockenLinks(IndexPage.java:48)
at PageObjects.IndexPage.BrockenLinks(IndexPage.java:48)
at PageObjects.IndexPage.BrockenLinks(IndexPage.java:48)
at PageObjects.IndexPage.BrockenLinks(IndexPage.java:48)
at PageObjects.IndexPage.BrockenLinks(IndexPage.java:48)
at PageObjects.IndexPage.BrockenLinks(IndexPage.java:48)
at PageObjects.IndexPage.BrockenLinks(IndexPage.java:48)
at PageObjects.IndexPage.BrockenLinks(IndexPage.java:48)
at PageObjects.IndexPage.BrockenLinks(IndexPage.java:48)
at PageObjects.IndexPage.BrockenLinks(IndexPage.java:48)
at PageObjects.IndexPage.BrockenLinks(IndexPage.java:48)
at PageObjects.IndexPage.BrockenLinks(IndexPage.java:48)
at PageObjects.IndexPage.BrockenLinks(IndexPage.java:48)
at PageObjects.IndexPage.BrockenLinks(IndexPage.java:48)
at PageObjects.IndexPage.BrockenLinks(IndexPage.java:48)
at PageObjects.IndexPage.BrockenLinks(IndexPage.java:48)
at PageObjects.IndexPage.BrockenLinks(IndexPage.java:48)
at PageObjects.IndexPage.BrockenLinks(IndexPage.java:48)
at PageObjects.IndexPage.BrockenLinks(IndexPage.java:48)
at PageObjects.IndexPage.BrockenLinks(IndexPage.java:48)
at PageObjects.IndexPage.BrockenLinks(IndexPage.java:48)
at PageObjects.IndexPage.BrockenLinks(IndexPage.java:48)
at PageObjects.IndexPage.BrockenLinks(IndexPage.java:48)
at PageObjects.IndexPage.BrockenLinks(IndexPage.java:48)
at PageObjects.IndexPage.BrockenLinks(IndexPage.java:48)
at PageObjects.IndexPage.BrockenLinks(IndexPage.java:48)
at PageObjects.IndexPage.BrockenLinks(IndexPage.java:48)
at PageObjects.IndexPage.BrockenLinks(IndexPage.java:48)
at PageObjects.IndexPage.BrockenLinks(IndexPage.java:48)
at PageObjects.IndexPage.BrockenLinks(IndexPage.java:48)
at PageObjects.IndexPage.BrockenLinks(IndexPage.java:48)
at PageObjects.IndexPage.BrockenLinks(IndexPage.java:48)
at PageObjects.IndexPage.BrockenLinks(IndexPage.java:48)
at PageObjects.IndexPage.BrockenLinks(IndexPage.java:48)
at PageObjects.IndexPage.BrockenLinks(IndexPage.java:48)
at PageObjects.IndexPage.BrockenLinks(IndexPage.java:48)
at PageObjects.IndexPage.BrockenLinks(IndexPage.java:48)
at PageObjects.IndexPage.BrockenLinks(IndexPage.java:48)
at PageObjects.IndexPage.BrockenLinks(IndexPage.java:48)
at PageObjects.IndexPage.BrockenLinks(IndexPage.java:48)
at PageObjects.IndexPage.BrockenLinks(IndexPage.java:48)
at PageObjects.IndexPage.BrockenLinks(IndexPage.java:48)
at PageObjects.IndexPage.BrockenLinks(IndexPage.java:48)
at PageObjects.IndexPage.BrockenLinks(IndexPage.java:48)
at PageObjects.IndexPage.BrockenLinks(IndexPage.java:48)
at PageObjects.IndexPage.BrockenLinks(IndexPage.java:48)
at PageObjects.IndexPage.BrockenLinks(IndexPage.java:48)
at PageObjects.IndexPage.BrockenLinks(IndexPage.java:48)
at PageObjects.IndexPage.BrockenLinks(IndexPage.java:48)
at PageObjects.IndexPage.BrockenLinks(IndexPage.java:48)
at PageObjects.IndexPage.BrockenLinks(IndexPage.java:48)
at PageObjects.IndexPage.BrockenLinks(IndexPage.java:48)
at PageObjects.IndexPage.BrockenLinks(IndexPage.java:48)
at PageObjects.IndexPage.BrockenLinks(IndexPage.java:48)
at PageObjects.IndexPage.BrockenLinks(IndexPage.java:48)
at PageObjects.IndexPage.BrockenLinks(IndexPage.java:48)
at PageObjects.IndexPage.BrockenLinks(IndexPage.java:48)
at PageObjects.IndexPage.BrockenLinks(IndexPage.java:48)
at PageObjects.IndexPage.BrockenLinks(IndexPage.java:48)
at PageObjects.IndexPage.BrockenLinks(IndexPage.java:48)
at PageObjects.IndexPage.BrockenLinks(IndexPage.java:48)
at PageObjects.IndexPage.BrockenLinks(IndexPage.java:48)
at PageObjects.IndexPage.BrockenLinks(IndexPage.java:48)
at PageObjects.IndexPage.BrockenLinks(IndexPage.java:48)
at PageObjects.IndexPage.BrockenLinks(IndexPage.java:48)
at PageObjects.IndexPage.BrockenLinks(IndexPage.java:48)
at PageObjects.IndexPage.BrockenLinks(IndexPage.java:48)
at PageObjects.IndexPage.BrockenLinks(IndexPage.java:48)
at PageObjects.IndexPage.BrockenLinks(IndexPage.java:48)
at PageObjects.IndexPage.BrockenLinks(IndexPage.java:48)
at PageObjects.IndexPage.BrockenLinks(IndexPage.java:48)
at PageObjects.IndexPage.BrockenLinks(IndexPage.java:48)
at PageObjects.IndexPage.BrockenLinks(IndexPage.java:48)
at PageObjects.IndexPage.BrockenLinks(IndexPage.java:48)
at PageObjects.IndexPage.BrockenLinks(IndexPage.java:48)
at PageObjects.IndexPage.BrockenLinks(IndexPage.java:48)
at PageObjects.IndexPage.BrockenLinks(IndexPage.java:48)
at PageObjects.IndexPage.BrockenLinks(IndexPage.java:48)
at PageObjects.IndexPage.BrockenLinks(IndexPage.java:48)
at PageObjects.IndexPage.BrockenLinks(IndexPage.java:48)
at PageObjects.IndexPage.BrockenLinks(IndexPage.java:48)
at PageObjects.IndexPage.BrockenLinks(IndexPage.java:48)
at PageObjects.IndexPage.BrockenLinks(IndexPage.java:48)
at PageObjects.IndexPage.BrockenLinks(IndexPage.java:48)
at PageObjects.IndexPage.BrockenLinks(IndexPage.java:48)
at PageObjects.IndexPage.BrockenLinks(IndexPage.java:48)
at PageObjects.IndexPage.BrockenLinks(IndexPage.java:48)
at PageObjects.IndexPage.BrockenLinks(IndexPage.java:48)
at PageObjects.IndexPage.BrockenLinks(IndexPage.java:48)
at PageObjects.IndexPage.BrockenLinks(IndexPage.java:48)
at PageObjects.IndexPage.BrockenLinks(IndexPage.java:48)
at PageObjects.IndexPage.BrockenLinks(IndexPage.java:48)
at PageObjects.IndexPage.BrockenLinks(IndexPage.java:48)
at PageObjects.IndexPage.BrockenLinks(IndexPage.java:48)
at PageObjects.IndexPage.BrockenLinks(IndexPage.java:48)
at PageObjects.IndexPage.BrockenLinks(IndexPage.java:48)
at PageObjects.IndexPage.BrockenLinks(IndexPage.java:48)
at PageObjects.IndexPage.BrockenLinks(IndexPage.java:48)
at PageObjects.IndexPage.BrockenLinks(IndexPage.java:48)
at PageObjects.IndexPage.BrockenLinks(IndexPage.java:48)
at PageObjects.IndexPage.BrockenLinks(IndexPage.java:48)
at PageObjects.IndexPage.BrockenLinks(IndexPage.java:48)
at PageObjects.IndexPage.BrockenLinks(IndexPage.java:48)
at PageObjects.IndexPage.BrockenLinks(IndexPage.java:48)
at PageObjects.IndexPage.BrockenLinks(IndexPage.java:48)
at PageObjects.IndexPage.BrockenLinks(IndexPage.java:48)
at PageObjects.IndexPage.BrockenLinks(IndexPage.java:48)
at PageObjects.IndexPage.BrockenLinks(IndexPage.java:48)
at PageObjects.IndexPage.BrockenLinks(IndexPage.java:48)
at PageObjects.IndexPage.BrockenLinks(IndexPage.java:48)
at PageObjects.IndexPage.BrockenLinks(IndexPage.java:48)
at PageObjects.IndexPage.BrockenLinks(IndexPage.java:48)
at PageObjects.IndexPage.BrockenLinks(IndexPage.java:48)
at PageObjects.IndexPage.BrockenLinks(IndexPage.java:48)
at PageObjects.IndexPage.BrockenLinks(IndexPage.java:48)
at PageObjects.IndexPage.BrockenLinks(IndexPage.java:48)
at PageObjects.IndexPage.BrockenLinks(IndexPage.java:48)
at PageObjects.IndexPage.BrockenLinks(IndexPage.java:48)
at PageObjects.IndexPage.BrockenLinks(IndexPage.java:48)
at PageObjects.IndexPage.BrockenLinks(IndexPage.java:48)
at PageObjects.IndexPage.BrockenLinks(IndexPage.java:48)
at PageObjects.IndexPage.BrockenLinks(IndexPage.java:48)
at PageObjects.IndexPage.BrockenLinks(IndexPage.java:48)
at PageObjects.IndexPage.BrockenLinks(IndexPage.java:48)
at PageObjects.IndexPage.BrockenLinks(IndexPage.java:48)
at PageObjects.IndexPage.BrockenLinks(IndexPage.java:48)
at PageObjects.IndexPage.BrockenLinks(IndexPage.java:48)
at PageObjects.IndexPage.BrockenLinks(IndexPage.java:48)
at PageObjects.IndexPage.BrockenLinks(IndexPage.java:48)
at PageObjects.IndexPage.BrockenLinks(IndexPage.java:48)
at PageObjects.IndexPage.BrockenLinks(IndexPage.java:48)
at PageObjects.IndexPage.BrockenLinks(IndexPage.java:48)
at PageObjects.IndexPage.BrockenLinks(IndexPage.java:48)
at PageObjects.IndexPage.BrockenLinks(IndexPage.java:48)
at PageObjects.IndexPage.BrockenLinks(IndexPage.java:48)
at PageObjects.IndexPage.BrockenLinks(IndexPage.java:48)
at PageObjects.IndexPage.BrockenLinks(IndexPage.java:48)
at PageObjects.IndexPage.BrockenLinks(IndexPage.java:48)
at PageObjects.IndexPage.BrockenLinks(IndexPage.java:48)
at PageObjects.IndexPage.BrockenLinks(IndexPage.java:48)
at PageObjects.IndexPage.BrockenLinks(IndexPage.java:48)
at PageObjects.IndexPage.BrockenLinks(IndexPage.java:48)
at PageObjects.IndexPage.BrockenLinks(IndexPage.java:48)
at PageObjects.IndexPage.BrockenLinks(IndexPage.java:48)
at PageObjects.IndexPage.BrockenLinks(IndexPage.java:48)
at PageObjects.IndexPage.BrockenLinks(IndexPage.java:48)
at PageObjects.IndexPage.BrockenLinks(IndexPage.java:48)
at PageObjects.IndexPage.BrockenLinks(IndexPage.java:48)
at PageObjects.IndexPage.BrockenLinks(IndexPage.java:48)
at PageObjects.IndexPage.BrockenLinks(IndexPage.java:48)
at PageObjects.IndexPage.BrockenLinks(IndexPage.java:48)
at PageObjects.IndexPage.BrockenLinks(IndexPage.java:48)
at PageObjects.IndexPage.BrockenLinks(IndexPage.java:48)
at PageObjects.IndexPage.BrockenLinks(IndexPage.java:48)
at PageObjects.IndexPage.BrockenLinks(IndexPage.java:48)
at PageObjects.IndexPage.BrockenLinks(IndexPage.java:48)
at PageObjects.IndexPage.BrockenLinks(IndexPage.java:48)
at PageObjects.IndexPage.BrockenLinks(IndexPage.java:48)
at PageObjects.IndexPage.BrockenLinks(IndexPage.java:48)
at PageObjects.IndexPage.BrockenLinks(IndexPage.java:48)
at PageObjects.IndexPage.BrockenLinks(IndexPage.java:48)
at PageObjects.IndexPage.BrockenLinks(IndexPage.java:48)
at PageObjects.IndexPage.BrockenLinks(IndexPage.java:48)
at PageObjects.IndexPage.BrockenLinks(IndexPage.java:48)
at PageObjects.IndexPage.BrockenLinks(IndexPage.java:48)
at PageObjects.IndexPage.BrockenLinks(IndexPage.java:48)
at PageObjects.IndexPage.BrockenLinks(IndexPage.java:48)
at PageObjects.IndexPage.BrockenLinks(IndexPage.java:48)
at PageObjects.IndexPage.BrockenLinks(IndexPage.java:48)
at PageObjects.IndexPage.BrockenLinks(IndexPage.java:48)
at PageObjects.IndexPage.BrockenLinks(IndexPage.java:48)
at PageObjects.IndexPage.BrockenLinks(IndexPage.java:48)
at PageObjects.IndexPage.BrockenLinks(IndexPage.java:48)
at PageObjects.IndexPage.BrockenLinks(IndexPage.java:48)
at PageObjects.IndexPage.BrockenLinks(IndexPage.java:48)
at PageObjects.IndexPage.BrockenLinks(IndexPage.java:48)
at PageObjects.IndexPage.BrockenLinks(IndexPage.java:48)
at PageObjects.IndexPage.BrockenLinks(IndexPage.java:48)
at PageObjects.IndexPage.BrockenLinks(IndexPage.java:48)
at PageObjects.IndexPage.BrockenLinks(IndexPage.java:48)
at PageObjects.IndexPage.BrockenLinks(IndexPage.java:48)
at PageObjects.IndexPage.BrockenLinks(IndexPage.java:48)
at PageObjects.IndexPage.BrockenLinks(IndexPage.java:48)
at PageObjects.IndexPage.BrockenLinks(IndexPage.java:48)
at PageObjects.IndexPage.BrockenLinks(IndexPage.java:48)
at PageObjects.IndexPage.BrockenLinks(IndexPage.java:48)
at PageObjects.IndexPage.BrockenLinks(IndexPage.java:48)
at PageObjects.IndexPage.BrockenLinks(IndexPage.java:48)
at PageObjects.IndexPage.BrockenLinks(IndexPage.java:48)
at PageObjects.IndexPage.BrockenLinks(IndexPage.java:48)
at PageObjects.IndexPage.BrockenLinks(IndexPage.java:48)
at PageObjects.IndexPage.BrockenLinks(IndexPage.java:48)
at PageObjects.IndexPage.BrockenLinks(IndexPage.java:48)
at PageObjects.IndexPage.BrockenLinks(IndexPage.java:48)
at PageObjects.IndexPage.BrockenLinks(IndexPage.java:48)
at PageObjects.IndexPage.BrockenLinks(IndexPage.java:48)
at PageObjects.IndexPage.BrockenLinks(IndexPage.java:48)
at PageObjects.IndexPage.BrockenLinks(IndexPage.java:48)
at PageObjects.IndexPage.BrockenLinks(IndexPage.java:48)
at PageObjects.IndexPage.BrockenLinks(IndexPage.java:48)
at PageObjects.IndexPage.BrockenLinks(IndexPage.java:48)
at PageObjects.IndexPage.BrockenLinks(IndexPage.java:48)
at PageObjects.IndexPage.BrockenLinks(IndexPage.java:48)
at PageObjects.IndexPage.BrockenLinks(IndexPage.java:48)
at PageObjects.IndexPage.BrockenLinks(IndexPage.java:48)
at PageObjects.IndexPage.BrockenLinks(IndexPage.java:48)
at PageObjects.IndexPage.BrockenLinks(IndexPage.java:48)
at PageObjects.IndexPage.BrockenLinks(IndexPage.java:48)
at PageObjects.IndexPage.BrockenLinks(IndexPage.java:48)
at PageObjects.IndexPage.BrockenLinks(IndexPage.java:48)
at PageObjects.IndexPage.BrockenLinks(IndexPage.java:48)
at PageObjects.IndexPage.BrockenLinks(IndexPage.java:48)
at PageObjects.IndexPage.BrockenLinks(IndexPage.java:48)
at PageObjects.IndexPage.BrockenLinks(IndexPage.java:48)
at PageObjects.IndexPage.BrockenLinks(IndexPage.java:48)
at PageObjects.IndexPage.BrockenLinks(IndexPage.java:48)
at PageObjects.IndexPage.BrockenLinks(IndexPage.java:48)
at PageObjects.IndexPage.BrockenLinks(IndexPage.java:48)
at PageObjects.IndexPage.BrockenLinks(IndexPage.java:48)
at PageObjects.IndexPage.BrockenLinks(IndexPage.java:48)
at PageObjects.IndexPage.BrockenLinks(IndexPage.java:48)
at PageObjects.IndexPage.BrockenLinks(IndexPage.java:48)
at PageObjects.IndexPage.BrockenLinks(IndexPage.java:48)
at PageObjects.IndexPage.BrockenLinks(IndexPage.java:48)
at PageObjects.IndexPage.BrockenLinks(IndexPage.java:48)
at PageObjects.IndexPage.BrockenLinks(IndexPage.java:48)
at PageObjects.IndexPage.BrockenLinks(IndexPage.java:48)
at PageObjects.IndexPage.BrockenLinks(IndexPage.java:48)
at PageObjects.IndexPage.BrockenLinks(IndexPage.java:48)
at PageObjects.IndexPage.BrockenLinks(IndexPage.java:48)
at PageObjects.IndexPage.BrockenLinks(IndexPage.java:48)
at PageObjects.IndexPage.BrockenLinks(IndexPage.java:48)
at PageObjects.IndexPage.BrockenLinks(IndexPage.java:48)
at PageObjects.IndexPage.BrockenLinks(IndexPage.java:48)
at PageObjects.IndexPage.BrockenLinks(IndexPage.java:48)
at PageObjects.IndexPage.BrockenLinks(IndexPage.java:48)
at PageObjects.IndexPage.BrockenLinks(IndexPage.java:48)
at PageObjects.IndexPage.BrockenLinks(IndexPage.java:48)
at PageObjects.IndexPage.BrockenLinks(IndexPage.java:48)
at PageObjects.IndexPage.BrockenLinks(IndexPage.java:48)
at PageObjects.IndexPage.BrockenLinks(IndexPage.java:48)
at PageObjects.IndexPage.BrockenLinks(IndexPage.java:48)
at PageObjects.IndexPage.BrockenLinks(IndexPage.java:48)
at PageObjects.IndexPage.BrockenLinks(IndexPage.java:48)
at PageObjects.IndexPage.BrockenLinks(IndexPage.java:48)
at PageObjects.IndexPage.BrockenLinks(IndexPage.java:48)
at PageObjects.IndexPage.BrockenLinks(IndexPage.java:48)
at PageObjects.IndexPage.BrockenLinks(IndexPage.java:48)
at PageObjects.IndexPage.BrockenLinks(IndexPage.java:48)
at PageObjects.IndexPage.BrockenLinks(IndexPage.java:48)
at PageObjects.IndexPage.BrockenLinks(IndexPage.java:48)
at PageObjects.IndexPage.BrockenLinks(IndexPage.java:48)
at PageObjects.IndexPage.BrockenLinks(IndexPage.java:48)
at PageObjects.IndexPage.BrockenLinks(IndexPage.java:48)
at PageObjects.IndexPage.BrockenLinks(IndexPage.java:48)
at PageObjects.IndexPage.BrockenLinks(IndexPage.java:48)
at PageObjects.IndexPage.BrockenLinks(IndexPage.java:48)
at PageObjects.IndexPage.BrockenLinks(IndexPage.java:48)
at PageObjects.IndexPage.BrockenLinks(IndexPage.java:48)
at PageObjects.IndexPage.BrockenLinks(IndexPage.java:48)
at PageObjects.IndexPage.BrockenLinks(IndexPage.java:48)
at PageObjects.IndexPage.BrockenLinks(IndexPage.java:48)
at PageObjects.IndexPage.BrockenLinks(IndexPage.java:48)
at PageObjects.IndexPage.BrockenLinks(IndexPage.java:48)
at PageObjects.IndexPage.BrockenLinks(IndexPage.java:48)
at PageObjects.IndexPage.BrockenLinks(IndexPage.java:48)
at PageObjects.IndexPage.BrockenLinks(IndexPage.java:48)
at PageObjects.IndexPage.BrockenLinks(IndexPage.java:48)
at PageObjects.IndexPage.BrockenLinks(IndexPage.java:48)
at PageObjects.IndexPage.BrockenLinks(IndexPage.java:48)
at PageObjects.IndexPage.BrockenLinks(IndexPage.java:48)
at PageObjects.IndexPage.BrockenLinks(IndexPage.java:48)
at PageObjects.IndexPage.BrockenLinks(IndexPage.java:48)
at PageObjects.IndexPage.BrockenLinks(IndexPage.java:48)
at PageObjects.IndexPage.BrockenLinks(IndexPage.java:48)
at PageObjects.IndexPage.BrockenLinks(IndexPage.java:48)
at PageObjects.IndexPage.BrockenLinks(IndexPage.java:48)
at PageObjects.IndexPage.BrockenLinks(IndexPage.java:48)
at PageObjects.IndexPage.BrockenLinks(IndexPage.java:48)
at PageObjects.IndexPage.BrockenLinks(IndexPage.java:48)
at PageObjects.IndexPage.BrockenLinks(IndexPage.java:48)
at PageObjects.IndexPage.BrockenLinks(IndexPage.java:48)
at PageObjects.IndexPage.BrockenLinks(IndexPage.java:48)
at PageObjects.IndexPage.BrockenLinks(IndexPage.java:48)
at PageObjects.IndexPage.BrockenLinks(IndexPage.java:48)
at PageObjects.IndexPage.BrockenLinks(IndexPage.java:48)
at PageObjects.IndexPage.BrockenLinks(IndexPage.java:48)
at PageObjects.IndexPage.BrockenLinks(IndexPage.java:48)
at PageObjects.IndexPage.BrockenLinks(IndexPage.java:48)
at PageObjects.IndexPage.BrockenLinks(IndexPage.java:48)
at PageObjects.IndexPage.BrockenLinks(IndexPage.java:48)
at PageObjects.IndexPage.BrockenLinks(IndexPage.java:48)
at PageObjects.IndexPage.BrockenLinks(IndexPage.java:48)
at PageObjects.IndexPage.BrockenLinks(IndexPage.java:48)
at PageObjects.IndexPage.BrockenLinks(IndexPage.java:48)
at PageObjects.IndexPage.BrockenLinks(IndexPage.java:48)
at PageObjects.IndexPage.BrockenLinks(IndexPage.java:48)
at PageObjects.IndexPage.BrockenLinks(IndexPage.java:48)
at PageObjects.IndexPage.BrockenLinks(IndexPage.java:48)
at PageObjects.IndexPage.BrockenLinks(IndexPage.java:48)
at PageObjects.IndexPage.BrockenLinks(IndexPage.java:48)
at PageObjects.IndexPage.BrockenLinks(IndexPage.java:48)
at PageObjects.IndexPage.BrockenLinks(IndexPage.java:48)
at PageObjects.IndexPage.BrockenLinks(IndexPage.java:48)
at PageObjects.IndexPage.BrockenLinks(IndexPage.java:48)
at PageObjects.IndexPage.BrockenLinks(IndexPage.java:48)
at PageObjects.IndexPage.BrockenLinks(IndexPage.java:48)
at PageObjects.IndexPage.BrockenLinks(IndexPage.java:48)
at PageObjects.IndexPage.BrockenLinks(IndexPage.java:48)
at PageObjects.IndexPage.BrockenLinks(IndexPage.java:48)
at PageObjects.IndexPage.BrockenLinks(IndexPage.java:48)
at PageObjects.IndexPage.BrockenLinks(IndexPage.java:48)
at PageObjects.IndexPage.BrockenLinks(IndexPage.java:48)
at PageObjects.IndexPage.BrockenLinks(IndexPage.java:48)
at PageObjects.IndexPage.BrockenLinks(IndexPage.java:48)
at PageObjects.IndexPage.BrockenLinks(IndexPage.java:48)
at PageObjects.IndexPage.BrockenLinks(IndexPage.java:48)
at PageObjects.IndexPage.BrockenLinks(IndexPage.java:48)
at PageObjects.IndexPage.BrockenLinks(IndexPage.java:48)
at PageObjects.IndexPage.BrockenLinks(IndexPage.java:48)
at PageObjects.IndexPage.BrockenLinks(IndexPage.java:48)
at PageObjects.IndexPage.BrockenLinks(IndexPage.java:48)
at PageObjects.IndexPage.BrockenLinks(IndexPage.java:48)
at PageObjects.IndexPage.BrockenLinks(IndexPage.java:48)
at PageObjects.IndexPage.BrockenLinks(IndexPage.java:48)
at PageObjects.IndexPage.BrockenLinks(IndexPage.java:48)
at PageObjects.IndexPage.BrockenLinks(IndexPage.java:48)
at PageObjects.IndexPage.BrockenLinks(IndexPage.java:48)
at PageObjects.IndexPage.BrockenLinks(IndexPage.java:48)
at PageObjects.IndexPage.BrockenLinks(IndexPage.java:48)
at PageObjects.IndexPage.BrockenLinks(IndexPage.java:48)
at PageObjects.IndexPage.BrockenLinks(IndexPage.java:48)
at PageObjects.IndexPage.BrockenLinks(IndexPage.java:48)
at PageObjects.IndexPage.BrockenLinks(IndexPage.java:48)
at PageObjects.IndexPage.BrockenLinks(IndexPage.java:48)
at PageObjects.IndexPage.BrockenLinks(IndexPage.java:48)
at PageObjects.IndexPage.BrockenLinks(IndexPage.java:48)
at PageObjects.IndexPage.BrockenLinks(IndexPage.java:48)
at PageObjects.IndexPage.BrockenLinks(IndexPage.java:48)
at PageObjects.IndexPage.BrockenLinks(IndexPage.java:48)
at PageObjects.IndexPage.BrockenLinks(IndexPage.java:48)
at PageObjects.IndexPage.BrockenLinks(IndexPage.java:48)
at PageObjects.IndexPage.BrockenLinks(IndexPage.java:48)
at PageObjects.IndexPage.BrockenLinks(IndexPage.java:48)
at PageObjects.IndexPage.BrockenLinks(IndexPage.java:48)
at PageObjects.IndexPage.BrockenLinks(IndexPage.java:48)
at PageObjects.IndexPage.BrockenLinks(IndexPage.java:48)
at PageObjects.IndexPage.BrockenLinks(IndexPage.java:48)
at PageObjects.IndexPage.BrockenLinks(IndexPage.java:48)
at PageObjects.IndexPage.BrockenLinks(IndexPage.java:48)
at PageObjects.IndexPage.BrockenLinks(IndexPage.java:48)
at PageObjects.IndexPage.BrockenLinks(IndexPage.java:48)
at PageObjects.IndexPage.BrockenLinks(IndexPage.java:48)
at PageObjects.IndexPage.BrockenLinks(IndexPage.java:48)
at PageObjects.IndexPage.BrockenLinks(IndexPage.java:48)
at PageObjects.IndexPage.BrockenLinks(IndexPage.java:48)
at PageObjects.IndexPage.BrockenLinks(IndexPage.java:48)
at PageObjects.IndexPage.BrockenLinks(IndexPage.java:48)
at PageObjects.IndexPage.BrockenLinks(IndexPage.java:48)
at PageObjects.IndexPage.BrockenLinks(IndexPage.java:48)
at PageObjects.IndexPage.BrockenLinks(IndexPage.java:48)
at PageObjects.IndexPage.BrockenLinks(IndexPage.java:48)
at PageObjects.IndexPage.BrockenLinks(IndexPage.java:48)
at PageObjects.IndexPage.BrockenLinks(IndexPage.java:48)
at PageObjects.IndexPage.BrockenLinks(IndexPage.java:48)
at PageObjects.IndexPage.BrockenLinks(IndexPage.java:48)
at PageObjects.IndexPage.BrockenLinks(IndexPage.java:48)
at PageObjects.IndexPage.BrockenLinks(IndexPage.java:48)
at PageObjects.IndexPage.BrockenLinks(IndexPage.java:48)
at PageObjects.IndexPage.BrockenLinks(IndexPage.java:48)
at PageObjects.IndexPage.BrockenLinks(IndexPage.java:48)
at PageObjects.IndexPage.BrockenLinks(IndexPage.java:48)
at PageObjects.IndexPage.BrockenLinks(IndexPage.java:48)
at PageObjects.IndexPage.BrockenLinks(IndexPage.java:48)
at PageObjects.IndexPage.BrockenLinks(IndexPage.java:48)
at PageObjects.IndexPage.BrockenLinks(IndexPage.java:48)
at PageObjects.IndexPage.BrockenLinks(IndexPage.java:48)
at PageObjects.IndexPage.BrockenLinks(IndexPage.java:48)
at PageObjects.IndexPage.BrockenLinks(IndexPage.java:48)
at PageObjects.IndexPage.BrockenLinks(IndexPage.java:48)
at PageObjects.IndexPage.BrockenLinks(IndexPage.java:48)
at PageObjects.IndexPage.BrockenLinks(IndexPage.java:48)
at PageObjects.IndexPage.BrockenLinks(IndexPage.java:48)
at PageObjects.IndexPage.BrockenLinks(IndexPage.java:48)
at PageObjects.IndexPage.BrockenLinks(IndexPage.java:48)
at PageObjects.IndexPage.BrockenLinks(IndexPage.java:48)
at PageObjects.IndexPage.BrockenLinks(IndexPage.java:48)
at PageObjects.IndexPage.BrockenLinks(IndexPage.java:48)
at PageObjects.IndexPage.BrockenLinks(IndexPage.java:48)
at PageObjects.IndexPage.BrockenLinks(IndexPage.java:48)
at PageObjects.IndexPage.BrockenLinks(IndexPage.java:48)
at PageObjects.IndexPage.BrockenLinks(IndexPage.java:48)
at PageObjects.IndexPage.BrockenLinks(IndexPage.java:48)
at PageObjects.IndexPage.BrockenLinks(IndexPage.java:48)
at PageObjects.IndexPage.BrockenLinks(IndexPage.java:48)
at PageObjects.IndexPage.BrockenLinks(IndexPage.java:48)
at PageObjects.IndexPage.BrockenLinks(IndexPage.java:48)
at PageObjects.IndexPage.BrockenLinks(IndexPage.java:48)
at PageObjects.IndexPage.BrockenLinks(IndexPage.java:48)
at PageObjects.IndexPage.BrockenLinks(IndexPage.java:48)
at PageObjects.IndexPage.BrockenLinks(IndexPage.java:48)
at PageObjects.IndexPage.BrockenLinks(IndexPage.java:48)
at PageObjects.IndexPage.BrockenLinks(IndexPage.java:48)
at PageObjects.IndexPage.BrockenLinks(IndexPage.java:48)
at PageObjects.IndexPage.BrockenLinks(IndexPage.java:48)
at PageObjects.IndexPage.BrockenLinks(IndexPage.java:48)
at PageObjects.IndexPage.BrockenLinks(IndexPage.java:48)
at PageObjects.IndexPage.BrockenLinks(IndexPage.java:48)
at PageObjects.IndexPage.BrockenLinks(IndexPage.java:48)
at PageObjects.IndexPage.BrockenLinks(IndexPage.java:48)
at PageObjects.IndexPage.BrockenLinks(IndexPage.java:48)
at PageObjects.IndexPage.BrockenLinks(IndexPage.java:48)
at PageObjects.IndexPage.BrockenLinks(IndexPage.java:48)
at PageObjects.IndexPage.BrockenLinks(IndexPage.java:48)
at PageObjects.IndexPage.BrockenLinks(IndexPage.java:48)
at PageObjects.IndexPage.BrockenLinks(IndexPage.java:48)
at PageObjects.IndexPage.BrockenLinks(IndexPage.java:48)
at PageObjects.IndexPage.BrockenLinks(IndexPage.java:48)
at PageObjects.IndexPage.BrockenLinks(IndexPage.java:48)
at PageObjects.IndexPage.BrockenLinks(IndexPage.java:48)
at PageObjects.IndexPage.BrockenLinks(IndexPage.java:48)
at PageObjects.IndexPage.BrockenLinks(IndexPage.java:48)
at PageObjects.IndexPage.BrockenLinks(IndexPage.java:48)
at PageObjects.IndexPage.BrockenLinks(IndexPage.java:48)
at PageObjects.IndexPage.BrockenLinks(IndexPage.java:48)
at PageObjects.IndexPage.BrockenLinks(IndexPage.java:48)
at PageObjects.IndexPage.BrockenLinks(IndexPage.java:48)
at PageObjects.IndexPage.BrockenLinks(IndexPage.java:48)
at PageObjects.IndexPage.BrockenLinks(IndexPage.java:48)
at PageObjects.IndexPage.BrockenLinks(IndexPage.java:48)
at PageObjects.IndexPage.BrockenLinks(IndexPage.java:48)
at PageObjects.IndexPage.BrockenLinks(IndexPage.java:48)
at PageObjects.IndexPage.BrockenLinks(IndexPage.java:48)
at PageObjects.IndexPage.BrockenLinks(IndexPage.java:48)
at PageObjects.IndexPage.BrockenLinks(IndexPage.java:48)
at PageObjects.IndexPage.BrockenLinks(IndexPage.java:48)
at PageObjects.IndexPage.BrockenLinks(IndexPage.java:48)
at PageObjects.IndexPage.BrockenLinks(IndexPage.java:48)
at PageObjects.IndexPage.BrockenLinks(IndexPage.java:48)
at PageObjects.IndexPage.BrockenLinks(IndexPage.java:48)
at PageObjects.IndexPage.BrockenLinks(IndexPage.java:48)
at PageObjects.IndexPage.BrockenLinks(IndexPage.java:48)
at PageObjects.IndexPage.BrockenLinks(IndexPage.java:48)
at PageObjects.IndexPage.BrockenLinks(IndexPage.java:48)
at PageObjects.IndexPage.BrockenLinks(IndexPage.java:48)
at PageObjects.IndexPage.BrockenLinks(IndexPage.java:48)
at PageObjects.IndexPage.BrockenLinks(IndexPage.java:48)
at PageObjects.IndexPage.BrockenLinks(IndexPage.java:48)
at PageObjects.IndexPage.BrockenLinks(IndexPage.java:48)
at PageObjects.IndexPage.BrockenLinks(IndexPage.java:48)
at PageObjects.IndexPage.BrockenLinks(IndexPage.java:48)
at PageObjects.IndexPage.BrockenLinks(IndexPage.java:48)
at PageObjects.IndexPage.BrockenLinks(IndexPage.java:48)
at PageObjects.IndexPage.BrockenLinks(IndexPage.java:48)
at PageObjects.IndexPage.BrockenLinks(IndexPage.java:48)
at PageObjects.IndexPage.BrockenLinks(IndexPage.java:48)
at PageObjects.IndexPage.BrockenLinks(IndexPage.java:48)
at PageObjects.IndexPage.BrockenLinks(IndexPage.java:48)
at PageObjects.IndexPage.BrockenLinks(IndexPage.java:48)
at PageObjects.IndexPage.BrockenLinks(IndexPage.java:48)
at PageObjects.IndexPage.BrockenLinks(IndexPage.java:48)
at PageObjects.IndexPage.BrockenLinks(IndexPage.java:48)
at PageObjects.IndexPage.BrockenLinks(IndexPage.java:48)
at PageObjects.IndexPage.BrockenLinks(IndexPage.java:48)
at PageObjects.IndexPage.BrockenLinks(IndexPage.java:48)
at PageObjects.IndexPage.BrockenLinks(IndexPage.java:48)
at PageObjects.IndexPage.BrockenLinks(IndexPage.java:48)
at PageObjects.IndexPage.BrockenLinks(IndexPage.java:48)
at PageObjects.IndexPage.BrockenLinks(IndexPage.java:48)
at PageObjects.IndexPage.BrockenLinks(IndexPage.java:48)
at PageObjects.IndexPage.BrockenLinks(IndexPage.java:48)
at PageObjects.IndexPage.BrockenLinks(IndexPage.java:48)
at PageObjects.IndexPage.BrockenLinks(IndexPage.java:48)
at PageObjects.IndexPage.BrockenLinks(IndexPage.java:48)
at PageObjects.IndexPage.BrockenLinks(IndexPage.java:48)
at PageObjects.IndexPage.BrockenLinks(IndexPage.java:48)
at PageObjects.IndexPage.BrockenLinks(IndexPage.java:48)
at PageObjects.IndexPage.BrockenLinks(IndexPage.java:48)
at PageObjects.IndexPage.BrockenLinks(IndexPage.java:48)
at PageObjects.IndexPage.BrockenLinks(IndexPage.java:48)
at PageObjects.IndexPage.BrockenLinks(IndexPage.java:48)
at PageObjects.IndexPage.BrockenLinks(IndexPage.java:48)
at PageObjects.IndexPage.BrockenLinks(IndexPage.java:48)
at PageObjects.IndexPage.BrockenLinks(IndexPage.java:48)
at PageObjects.IndexPage.BrockenLinks(IndexPage.java:48)
at PageObjects.IndexPage.BrockenLinks(IndexPage.java:48)
at PageObjects.IndexPage.BrockenLinks(IndexPage.java:48)
at PageObjects.IndexPage.BrockenLinks(IndexPage.java:48)
at PageObjects.IndexPage.BrockenLinks(IndexPage.java:48)
at PageObjects.IndexPage.BrockenLinks(IndexPage.java:48)
at PageObjects.IndexPage.BrockenLinks(IndexPage.java:48)
at PageObjects.IndexPage.BrockenLinks(IndexPage.java:48)
at PageObjects.IndexPage.BrockenLinks(IndexPage.java:48)
at PageObjects.IndexPage.BrockenLinks(IndexPage.java:48)
at PageObjects.IndexPage.BrockenLinks(IndexPage.java:48)
at PageObjects.IndexPage.BrockenLinks(IndexPage.java:48)
at PageObjects.IndexPage.BrockenLinks(IndexPage.java:48)
at PageObjects.IndexPage.BrockenLinks(IndexPage.java:48)
at PageObjects.IndexPage.BrockenLinks(IndexPage.java:48)
at PageObjects.IndexPage.BrockenLinks(IndexPage.java:48)
at PageObjects.IndexPage.BrockenLinks(IndexPage.java:48)
at PageObjects.IndexPage.BrockenLinks(IndexPage.java:48)
at PageObjects.IndexPage.BrockenLinks(IndexPage.java:48)
at PageObjects.IndexPage.BrockenLinks(IndexPage.java:48)
at PageObjects.IndexPage.BrockenLinks(IndexPage.java:48)
at PageObjects.IndexPage.BrockenLinks(IndexPage.java:48)
at PageObjects.IndexPage.BrockenLinks(IndexPage.java:48)
at PageObjects.IndexPage.BrockenLinks(IndexPage.java:48)
at PageObjects.IndexPage.BrockenLinks(IndexPage.java:48)
at PageObjects.IndexPage.BrockenLinks(IndexPage.java:48)
at PageObjects.IndexPage.BrockenLinks(IndexPage.java:48)
at PageObjects.IndexPage.BrockenLinks(IndexPage.java:48)
at PageObjects.IndexPage.BrockenLinks(IndexPage.java:48)
at PageObjects.IndexPage.BrockenLinks(IndexPage.java:48)
at PageObjects.IndexPage.BrockenLinks(IndexPage.java:48)
at PageObjects.IndexPage.BrockenLinks(IndexPage.java:48)
at PageObjects.IndexPage.BrockenLinks(IndexPage.java:48)
at PageObjects.IndexPage.BrockenLinks(IndexPage.java:48)
at PageObjects.IndexPage.BrockenLinks(IndexPage.java:48)
at PageObjects.IndexPage.BrockenLinks(IndexPage.java:48)
at PageObjects.IndexPage.BrockenLinks(IndexPage.java:48)
at PageObjects.IndexPage.BrockenLinks(IndexPage.java:48)
at PageObjects.IndexPage.BrockenLinks(IndexPage.java:48)
at PageObjects.IndexPage.BrockenLinks(IndexPage.java:48)
at PageObjects.IndexPage.BrockenLinks(IndexPage.java:48)
at PageObjects.IndexPage.BrockenLinks(IndexPage.java:48)
at PageObjects.IndexPage.BrockenLinks(IndexPage.java:48)
at PageObjects.IndexPage.BrockenLinks(IndexPage.java:48)
at PageObjects.IndexPage.BrockenLinks(IndexPage.java:48)
at PageObjects.IndexPage.BrockenLinks(IndexPage.java:48)
at PageObjects.IndexPage.BrockenLinks(IndexPage.java:48)
at PageObjects.IndexPage.BrockenLinks(IndexPage.java:48)
at PageObjects.IndexPage.BrockenLinks(IndexPage.java:48)
at PageObjects.IndexPage.BrockenLinks(IndexPage.java:48)
at PageObjects.IndexPage.BrockenLinks(IndexPage.java:48)
at PageObjects.IndexPage.BrockenLinks(IndexPage.java:48)
at PageObjects.IndexPage.BrockenLinks(IndexPage.java:48)
at PageObjects.IndexPage.BrockenLinks(IndexPage.java:48)
at PageObjects.IndexPage.BrockenLinks(IndexPage.java:48)
at PageObjects.IndexPage.BrockenLinks(IndexPage.java:48)
at PageObjects.IndexPage.BrockenLinks(IndexPage.java:48)
at PageObjects.IndexPage.BrockenLinks(IndexPage.java:48)
at PageObjects.IndexPage.BrockenLinks(IndexPage.java:48)
at PageObjects.IndexPage.BrockenLinks(IndexPage.java:48)
at PageObjects.IndexPage.BrockenLinks(IndexPage.java:48)
at PageObjects.IndexPage.BrockenLinks(IndexPage.java:48)
at PageObjects.IndexPage.BrockenLinks(IndexPage.java:48)
at PageObjects.IndexPage.BrockenLinks(IndexPage.java:48)
at PageObjects.IndexPage.BrockenLinks(IndexPage.java:48)
at PageObjects.IndexPage.BrockenLinks(IndexPage.java:48)
at PageObjects.IndexPage.BrockenLinks(IndexPage.java:48)
at PageObjects.IndexPage.BrockenLinks(IndexPage.java:48)
at PageObjects.IndexPage.BrockenLinks(IndexPage.java:48)
at PageObjects.IndexPage.BrockenLinks(IndexPage.java:48)
at PageObjects.IndexPage.BrockenLinks(IndexPage.java:48)
at PageObjects.IndexPage.BrockenLinks(IndexPage.java:48)
at PageObjects.IndexPage.BrockenLinks(IndexPage.java:48)
at PageObjects.IndexPage.BrockenLinks(IndexPage.java:48)
at PageObjects.IndexPage.BrockenLinks(IndexPage.java:48)
at PageObjects.IndexPage.BrockenLinks(IndexPage.java:48)
at PageObjects.IndexPage.BrockenLinks(IndexPage.java:48)
at PageObjects.IndexPage.BrockenLinks(IndexPage.java:48)
at PageObjects.IndexPage.BrockenLinks(IndexPage.java:48)
at PageObjects.IndexPage.BrockenLinks(IndexPage.java:48)
at PageObjects.IndexPage.BrockenLinks(IndexPage.java:48)
at PageObjects.IndexPage.BrockenLinks(IndexPage.java:48)
at PageObjects.IndexPage.BrockenLinks(IndexPage.java:48)
at PageObjects.IndexPage.BrockenLinks(IndexPage.java:48)
at PageObjects.IndexPage.BrockenLinks(IndexPage.java:48)
at PageObjects.IndexPage.BrockenLinks(IndexPage.java:48)
at PageObjects.IndexPage.BrockenLinks(IndexPage.java:48)
at PageObjects.IndexPage.BrockenLinks(IndexPage.java:48)
at PageObjects.IndexPage.BrockenLinks(IndexPage.java:48)
at PageObjects.IndexPage.BrockenLinks(IndexPage.java:48)
at PageObjects.IndexPage.BrockenLinks(IndexPage.java:48)
at PageObjects.IndexPage.BrockenLinks(IndexPage.java:48)
at PageObjects.IndexPage.BrockenLinks(IndexPage.java:48)
at PageObjects.IndexPage.BrockenLinks(IndexPage.java:48)
at PageObjects.IndexPage.BrockenLinks(IndexPage.java:48)
at PageObjects.IndexPage.BrockenLinks(IndexPage.java:48)
at PageObjects.IndexPage.BrockenLinks(IndexPage.java:48)
at PageObjects.IndexPage.BrockenLinks(IndexPage.java:48)
at PageObjects.IndexPage.BrockenLinks(IndexPage.java:48)
at PageObjects.IndexPage.BrockenLinks(IndexPage.java:48)
at PageObjects.IndexPage.BrockenLinks(IndexPage.java:48)
at PageObjects.IndexPage.BrockenLinks(IndexPage.java:48)
at PageObjects.IndexPage.BrockenLinks(IndexPage.java:48)
at PageObjects.IndexPage.BrockenLinks(IndexPage.java:48)
at PageObjects.IndexPage.BrockenLinks(IndexPage.java:48)
at PageObjects.IndexPage.BrockenLinks(IndexPage.java:48)
at PageObjects.IndexPage.BrockenLinks(IndexPage.java:48)
at PageObjects.IndexPage.BrockenLinks(IndexPage.java:48)
at PageObjects.IndexPage.BrockenLinks(IndexPage.java:48)
at PageObjects.IndexPage.BrockenLinks(IndexPage.java:48)
at PageObjects.IndexPage.BrockenLinks(IndexPage.java:48)
at PageObjects.IndexPage.BrockenLinks(IndexPage.java:48)
at PageObjects.IndexPage.BrockenLinks(IndexPage.java:48)
at PageObjects.IndexPage.BrockenLinks(IndexPage.java:48)
at PageObjects.IndexPage.BrockenLinks(IndexPage.java:48)
at PageObjects.IndexPage.BrockenLinks(IndexPage.java:48)
at PageObjects.IndexPage.BrockenLinks(IndexPage.java:48)
at PageObjects.IndexPage.BrockenLinks(IndexPage.java:48)
at PageObjects.IndexPage.BrockenLinks(IndexPage.java:48)
at PageObjects.IndexPage.BrockenLinks(IndexPage.java:48)
at PageObjects.IndexPage.BrockenLinks(IndexPage.java:48)
at PageObjects.IndexPage.BrockenLinks(IndexPage.java:48)
at PageObjects.IndexPage.BrockenLinks(IndexPage.java:48)
at PageObjects.IndexPage.BrockenLinks(IndexPage.java:48)
at PageObjects.IndexPage.BrockenLinks(IndexPage.java:48)
at PageObjects.IndexPage.BrockenLinks(IndexPage.java:48)
at PageObjects.IndexPage.BrockenLinks(IndexPage.java:48)
at PageObjects.IndexPage.BrockenLinks(IndexPage.java:48)
at PageObjects.IndexPage.BrockenLinks(IndexPage.java:48)
at PageObjects.IndexPage.BrockenLinks(IndexPage.java:48)
at PageObjects.IndexPage.BrockenLinks(IndexPage.java:48)
at PageObjects.IndexPage.BrockenLinks(IndexPage.java:48)
at PageObjects.IndexPage.BrockenLinks(IndexPage.java:48)
at PageObjects.IndexPage.BrockenLinks(IndexPage.java:48)
at PageObjects.IndexPage.BrockenLinks(IndexPage.java:48)
at PageObjects.IndexPage.BrockenLinks(IndexPage.java:48)
at PageObjects.IndexPage.BrockenLinks(IndexPage.java:48)
at PageObjects.IndexPage.BrockenLinks(IndexPage.java:48)
at PageObjects.IndexPage.BrockenLinks(IndexPage.java:48)
at PageObjects.IndexPage.BrockenLinks(IndexPage.java:48)
at PageObjects.IndexPage.BrockenLinks(IndexPage.java:48)
at PageObjects.IndexPage.BrockenLinks(IndexPage.java:48)
at PageObjects.IndexPage.BrockenLinks(IndexPage.java:48)
at PageObjects.IndexPage.BrockenLinks(IndexPage.java:48)
at PageObjects.IndexPage.BrockenLinks(IndexPage.java:48)
at PageObjects.IndexPage.BrockenLinks(IndexPage.java:48)
at PageObjects.IndexPage.BrockenLinks(IndexPage.java:48)
at PageObjects.IndexPage.BrockenLinks(IndexPage.java:48)
at PageObjects.IndexPage.BrockenLinks(IndexPage.java:48)
at PageObjects.IndexPage.BrockenLinks(IndexPage.java:48)
at PageObjects.IndexPage.BrockenLinks(IndexPage.java:48)
at PageObjects.IndexPage.BrockenLinks(IndexPage.java:48)
at PageObjects.IndexPage.BrockenLinks(IndexPage.java:48)
at PageObjects.IndexPage.BrockenLinks(IndexPage.java:48)
at PageObjects.IndexPage.BrockenLinks(IndexPage.java:48)
at PageObjects.IndexPage.BrockenLinks(IndexPage.java:48)
at PageObjects.IndexPage.BrockenLinks(IndexPage.java:48)
at PageObjects.IndexPage.BrockenLinks(IndexPage.java:48)
at PageObjects.IndexPage.BrockenLinks(IndexPage.java:48)
at PageObjects.IndexPage.BrockenLinks(IndexPage.java:48)
at PageObjects.IndexPage.BrockenLinks(IndexPage.java:48)
at PageObjects.IndexPage.BrockenLinks(IndexPage.java:48)
at PageObjects.IndexPage.BrockenLinks(IndexPage.java:48)
at PageObjects.IndexPage.BrockenLinks(IndexPage.java:48)
at PageObjects.IndexPage.BrockenLinks(IndexPage.java:48)
at PageObjects.IndexPage.BrockenLinks(IndexPage.java:48)
at PageObjects.IndexPage.BrockenLinks(IndexPage.java:48)
at PageObjects.IndexPage.BrockenLinks(IndexPage.java:48)
at PageObjects.IndexPage.BrockenLinks(IndexPage.java:48)
at PageObjects.IndexPage.BrockenLinks(IndexPage.java:48)
at PageObjects.IndexPage.BrockenLinks(IndexPage.java:48)
at PageObjects.IndexPage.BrockenLinks(IndexPage.java:48)
at PageObjects.IndexPage.BrockenLinks(IndexPage.java:48)
at PageObjects.IndexPage.BrockenLinks(IndexPage.java:48)
at PageObjects.IndexPage.BrockenLinks(IndexPage.java:48)
at PageObjects.IndexPage.BrockenLinks(IndexPage.java:48)
at PageObjects.IndexPage.BrockenLinks(IndexPage.java:48)
at PageObjects.IndexPage.BrockenLinks(IndexPage.java:48)
at PageObjects.IndexPage.BrockenLinks(IndexPage.java:48)
at PageObjects.IndexPage.BrockenLinks(IndexPage.java:48)
at PageObjects.IndexPage.BrockenLinks(IndexPage.java:48)
at PageObjects.IndexPage.BrockenLinks(IndexPage.java:48)
at PageObjects.IndexPage.BrockenLinks(IndexPage.java:48)
at PageObjects.IndexPage.BrockenLinks(IndexPage.java:48)
at PageObjects.IndexPage.BrockenLinks(IndexPage.java:48)
at PageObjects.IndexPage.BrockenLinks(IndexPage.java:48)
at PageObjects.IndexPage.BrockenLinks(IndexPage.java:48)
at PageObjects.IndexPage.BrockenLinks(IndexPage.java:48)
at PageObjects.IndexPage.BrockenLinks(IndexPage.java:48)
at PageObjects.IndexPage.BrockenLinks(IndexPage.java:48)
at PageObjects.IndexPage.BrockenLinks(IndexPage.java:48)
at PageObjects.IndexPage.BrockenLinks(IndexPage.java:48)
at PageObjects.IndexPage.BrockenLinks(IndexPage.java:48)
at PageObjects.IndexPage.BrockenLinks(IndexPage.java:48)
at PageObjects.IndexPage.BrockenLinks(IndexPage.java:48)
at PageObjects.IndexPage.BrockenLinks(IndexPage.java:48)
at PageObjects.IndexPage.BrockenLinks(IndexPage.java:48)
at PageObjects.IndexPage.BrockenLinks(IndexPage.java:48)
at PageObjects.IndexPage.BrockenLinks(IndexPage.java:48)
at PageObjects.IndexPage.BrockenLinks(IndexPage.java:48)
at PageObjects.IndexPage.BrockenLinks(IndexPage.java:48)
at PageObjects.IndexPage.BrockenLinks(IndexPage.java:48)
at PageObjects.IndexPage.BrockenLinks(IndexPage.java:48)
at PageObjects.IndexPage.BrockenLinks(IndexPage.java:48)
at PageObjects.IndexPage.BrockenLinks(IndexPage.java:48)
at PageObjects.IndexPage.BrockenLinks(IndexPage.java:48)
at PageObjects.IndexPage.BrockenLinks(IndexPage.java:48)
at PageObjects.IndexPage.BrockenLinks(IndexPage.java:48)
at PageObjects.IndexPage.BrockenLinks(IndexPage.java:48)
at PageObjects.IndexPage.BrockenLinks(IndexPage.java:48)
at PageObjects.IndexPage.BrockenLinks(IndexPage.java:48)
at PageObjects.IndexPage.BrockenLinks(IndexPage.java:48)
at PageObjects.IndexPage.BrockenLinks(IndexPage.java:48)
at PageObjects.IndexPage.BrockenLinks(IndexPage.java:48)
at PageObjects.IndexPage.BrockenLinks(IndexPage.java:48)
at PageObjects.IndexPage.BrockenLinks(IndexPage.java:48)
at PageObjects.IndexPage.BrockenLinks(IndexPage.java:48)
at PageObjects.IndexPage.BrockenLinks(IndexPage.java:48)
at PageObjects.IndexPage.BrockenLinks(IndexPage.java:48)
at PageObjects.IndexPage.BrockenLinks(IndexPage.java:48)
at PageObjects.IndexPage.BrockenLinks(IndexPage.java:48)
]]>
    </error>
  </testcase> <!-- NavigateToContactUs -->
</testsuite> <!-- PageObjectsTest.ContactUsTest -->
