<?xml version="1.0" encoding="UTF-8"?>
<!-- Generated by org.testng.reporters.JUnitReportReporter -->
<testsuite hostname="BhanuPratap-PC" failures="0" tests="1" name="PageObjectsTest.HomeTest" time="4.036" errors="0" timestamp="2024-04-16T13:23:44 IST" skipped="0">
  <testcase classname="PageObjectsTest.HomeTest" name="findlinks" time="4.036"/>
</testsuite> <!-- PageObjectsTest.HomeTest -->
